<?xml version="1.0" encoding="UTF-8"?>
<!-- Generated by org.testng.reporters.JUnitReportReporter -->
<testsuite hostname="DESKTOP-0P7BDU8" name="TestCases.AddCustomer" tests="4" failures="0" timestamp="1 Feb 2018 09:10:58 GMT" time="0.679" errors="0">
  <testcase name="AddCustomerDetails" time="0.144" classname="TestCases.AddCustomer"/>
  <testcase name="AddCustomerDetails" time="0.151" classname="TestCases.AddCustomer"/>
  <testcase name="AddCustomerDetails" time="0.132" classname="TestCases.AddCustomer"/>
  <testcase name="AddCustomerDetails" time="0.252" classname="TestCases.AddCustomer"/>
</testsuite> <!-- TestCases.AddCustomer -->
