<?xml version="1.0" encoding="UTF-8"?>
<!-- Generated by org.testng.reporters.JUnitReportReporter -->
<testsuite hostname="DESKTOP-0P7BDU8" name="TestCases.OpenAccount" tests="4" failures="0" timestamp="1 Feb 2018 09:10:58 GMT" time="1.023" errors="0">
  <testcase name="OpenAccountdetails" time="0.266" classname="TestCases.OpenAccount"/>
  <testcase name="OpenAccountdetails" time="0.200" classname="TestCases.OpenAccount"/>
  <testcase name="OpenAccountdetails" time="0.357" classname="TestCases.OpenAccount"/>
  <testcase name="OpenAccountdetails" time="0.200" classname="TestCases.OpenAccount"/>
</testsuite> <!-- TestCases.OpenAccount -->
