<?xml version="1.0" encoding="UTF-8"?>
<!-- Generated by org.testng.reporters.JUnitReportReporter -->
<testsuite hostname="DESKTOP-0P7BDU8" name="Rough.TestParameterization" tests="4" failures="0" timestamp="7 Nov 2017 05:37:50 GMT" time="0.013" errors="0">
  <testcase name="login" time="0.001" classname="Rough.TestParameterization"/>
  <testcase name="login" time="0.000" classname="Rough.TestParameterization"/>
  <testcase name="login" time="0.001" classname="Rough.TestParameterization"/>
  <testcase name="login" time="0.011" classname="Rough.TestParameterization"/>
</testsuite> <!-- Rough.TestParameterization -->
