<?xml version="1.0" encoding="UTF-8"?>
<!-- Generated by org.testng.reporters.JUnitReportReporter -->
<testsuite hostname="DESKTOP-0P7BDU8" name="TestCases.VerifyCustomer" tests="4" failures="0" timestamp="1 Feb 2018 09:10:58 GMT" time="0.729" errors="0">
  <testcase name="CustomerCheck" time="0.147" classname="TestCases.VerifyCustomer"/>
  <testcase name="CustomerCheck" time="0.137" classname="TestCases.VerifyCustomer"/>
  <testcase name="CustomerCheck" time="0.276" classname="TestCases.VerifyCustomer"/>
  <testcase name="CustomerCheck" time="0.169" classname="TestCases.VerifyCustomer"/>
</testsuite> <!-- TestCases.VerifyCustomer -->
